<?xml version="1.0" encoding="UTF-8"?>
<!-- Generated by org.testng.reporters.JUnitReportReporter -->
<testsuite skipped="0" hostname="WIN-BE6PFADQ28D" name="com.rest.TestCase.TC_03_POST" tests="8" failures="0" timestamp="25 May 2019 11:49:49 GMT" time="15.310" errors="0">
  <testcase name="Post" time="15.294" classname="com.rest.TestCase.TC_03_POST"/>
  <testcase name="Validation_ByBody" time="0.006" classname="com.rest.TestCase.TC_03_POST"/>
  <testcase name="CheckResponseTiming" time="0.002" classname="com.rest.TestCase.TC_03_POST"/>
  <testcase name="checkStatusLine" time="0.001" classname="com.rest.TestCase.TC_03_POST"/>
  <testcase name="checkContentType" time="0.001" classname="com.rest.TestCase.TC_03_POST"/>
  <testcase name="checkResponseServer" time="0.003" classname="com.rest.TestCase.TC_03_POST"/>
  <testcase name="checkContentEncoding" time="0.002" classname="com.rest.TestCase.TC_03_POST"/>
  <testcase name="checkContentLength" time="0.001" classname="com.rest.TestCase.TC_03_POST"/>
</testsuite> <!-- com.rest.TestCase.TC_03_POST -->
