<?xml version="1.0" encoding="UTF-8"?>
<!-- Generated by org.testng.reporters.JUnitReportReporter -->
<testsuite skipped="0" hostname="WIN-BE6PFADQ28D" name="com.rest.TestCase.TC_02_GET" tests="2" failures="0" timestamp="25 May 2019 12:33:23 GMT" time="9.758" errors="0">
  <testcase name="Get_EmployeeID" time="9.214" classname="com.rest.TestCase.TC_02_GET"/>
  <testcase name="CheckBody" time="0.544" classname="com.rest.TestCase.TC_02_GET"/>
</testsuite> <!-- com.rest.TestCase.TC_02_GET -->
