<?xml version="1.0" encoding="UTF-8"?>
<!-- Generated by org.testng.reporters.JUnitReportReporter -->
<testsuite skipped="0" hostname="WIN-BE6PFADQ28D" name="com.rest.authentication.Auth" tests="1" failures="0" timestamp="26 May 2019 05:43:47 GMT" time="1.972" errors="0">
  <testcase name="Auth" time="1.972" classname="com.rest.authentication.Auth"/>
</testsuite> <!-- com.rest.authentication.Auth -->
