<?xml version="1.0" encoding="UTF-8"?>
<!-- Generated by org.testng.reporters.JUnitReportReporter -->
<testsuite skipped="0" hostname="WIN-BE6PFADQ28D" name="com.rest.TestCase.TC_01_GET" tests="8" failures="0" timestamp="25 May 2019 12:40:08 GMT" time="0.055" errors="0">
  <testcase name="CheckResponseBody" time="0.041" classname="com.rest.TestCase.TC_01_GET"/>
  <testcase name="CheckResponseTiming" time="0.002" classname="com.rest.TestCase.TC_01_GET"/>
  <testcase name="CheckStatusCode" time="0.001" classname="com.rest.TestCase.TC_01_GET"/>
  <testcase name="checkContentLength" time="0.001" classname="com.rest.TestCase.TC_01_GET"/>
  <testcase name="checkContentType" time="0.003" classname="com.rest.TestCase.TC_01_GET"/>
  <testcase name="checkResponseServer" time="0.002" classname="com.rest.TestCase.TC_01_GET"/>
  <testcase name="checkContentEncoding" time="0.003" classname="com.rest.TestCase.TC_01_GET"/>
  <testcase name="checkStatusLine" time="0.002" classname="com.rest.TestCase.TC_01_GET"/>
</testsuite> <!-- com.rest.TestCase.TC_01_GET -->
