<?xml version="1.0" encoding="UTF-8"?>
<!-- Generated by org.testng.reporters.JUnitReportReporter -->
<testsuite skipped="0" hostname="WIN-BE6PFADQ28D" name="com.rest.TestCase.TC_05_Delete" tests="4" failures="0" timestamp="25 May 2019 12:06:31 GMT" time="0.019" errors="0">
  <testcase name="A" time="0.015" classname="com.rest.TestCase.TC_05_Delete"/>
  <testcase name="D" time="0.001" classname="com.rest.TestCase.TC_05_Delete"/>
  <testcase name="C" time="0.001" classname="com.rest.TestCase.TC_05_Delete"/>
  <testcase name="B" time="0.002" classname="com.rest.TestCase.TC_05_Delete"/>
</testsuite> <!-- com.rest.TestCase.TC_05_Delete -->
